<?xml version="1.0" encoding="UTF-8"?>
<testng-results ignored="0" total="1" passed="0" failed="1" skipped="0">
  <reporter-output>
  </reporter-output>
  <suite started-at="2022-07-31T15:21:54 EDT" name="Default suite" finished-at="2022-08-03T15:03:54 EDT" duration-ms="258120118">
    <groups>
    </groups>
    <test started-at="2022-07-31T15:21:54 EDT" name="Default test" finished-at="2022-08-03T15:03:54 EDT" duration-ms="258120118">
      <class name="com.labcorp.rest.tests.GetUser">
        <test-method is-config="true" signature="init()[pri:0, instance:com.labcorp.rest.tests.GetUser@21129f1f]" started-at="2022-07-31T15:21:54 EDT" name="init" finished-at="2022-08-03T15:03:54 EDT" duration-ms="258119915" status="PASS">
          <reporter-output>
          </reporter-output>
        </test-method> <!-- init -->
        <test-method signature="testGetUser()[pri:0, instance:com.labcorp.rest.tests.GetUser@21129f1f]" started-at="2022-08-03T15:03:54 EDT" name="testGetUser" finished-at="2022-08-03T15:03:54 EDT" duration-ms="69" status="FAIL">
          <exception class="java.lang.Error">
            <message>
              <![CDATA[Unresolved compilation problems: 
The import javax.annotation.Generated cannot be resolved
The import com.fasterxml cannot be resolved
The import com.fasterxml cannot be resolved
The import com.fasterxml cannot be resolved
The import com.fasterxml cannot be resolved
The import com.fasterxml cannot be resolved
The import com.fasterxml cannot be resolved
JsonInclude cannot be resolved to a type
JsonInclude cannot be resolved to a variable
JsonPropertyOrder cannot be resolved to a type
Generated cannot be resolved to a type
JsonProperty cannot be resolved to a type
JsonProperty cannot be resolved to a type
JsonProperty cannot be resolved to a type
JsonProperty cannot be resolved to a type
JsonProperty cannot be resolved to a type
JsonProperty cannot be resolved to a type
JsonProperty cannot be resolved to a type
JsonProperty cannot be resolved to a type
JsonProperty cannot be resolved to a type
JsonProperty cannot be resolved to a type
JsonProperty cannot be resolved to a type
JsonProperty cannot be resolved to a type
JsonProperty cannot be resolved to a type
JsonIgnore cannot be resolved to a type
JsonProperty cannot be resolved to a type
JsonProperty cannot be resolved to a type
JsonProperty cannot be resolved to a type
JsonProperty cannot be resolved to a type
JsonProperty cannot be resolved to a type
JsonProperty cannot be resolved to a type
JsonProperty cannot be resolved to a type
JsonProperty cannot be resolved to a type
JsonProperty cannot be resolved to a type
JsonProperty cannot be resolved to a type
JsonProperty cannot be resolved to a type
JsonProperty cannot be resolved to a type
JsonProperty cannot be resolved to a type
JsonProperty cannot be resolved to a type
JsonProperty cannot be resolved to a type
JsonProperty cannot be resolved to a type
JsonProperty cannot be resolved to a type
JsonProperty cannot be resolved to a type
JsonProperty cannot be resolved to a type
JsonProperty cannot be resolved to a type
JsonProperty cannot be resolved to a type
JsonProperty cannot be resolved to a type
JsonProperty cannot be resolved to a type
JsonProperty cannot be resolved to a type
JsonProperty cannot be resolved to a type
JsonProperty cannot be resolved to a type
JsonAnyGetter cannot be resolved to a type
JsonAnySetter cannot be resolved to a type
]]>
            </message>
            <full-stacktrace>
              <![CDATA[java.lang.Error: Unresolved compilation problems: 
The import javax.annotation.Generated cannot be resolved
The import com.fasterxml cannot be resolved
The import com.fasterxml cannot be resolved
The import com.fasterxml cannot be resolved
The import com.fasterxml cannot be resolved
The import com.fasterxml cannot be resolved
The import com.fasterxml cannot be resolved
JsonInclude cannot be resolved to a type
JsonInclude cannot be resolved to a variable
JsonPropertyOrder cannot be resolved to a type
Generated cannot be resolved to a type
JsonProperty cannot be resolved to a type
JsonProperty cannot be resolved to a type
JsonProperty cannot be resolved to a type
JsonProperty cannot be resolved to a type
JsonProperty cannot be resolved to a type
JsonProperty cannot be resolved to a type
JsonProperty cannot be resolved to a type
JsonProperty cannot be resolved to a type
JsonProperty cannot be resolved to a type
JsonProperty cannot be resolved to a type
JsonProperty cannot be resolved to a type
JsonProperty cannot be resolved to a type
JsonProperty cannot be resolved to a type
JsonIgnore cannot be resolved to a type
JsonProperty cannot be resolved to a type
JsonProperty cannot be resolved to a type
JsonProperty cannot be resolved to a type
JsonProperty cannot be resolved to a type
JsonProperty cannot be resolved to a type
JsonProperty cannot be resolved to a type
JsonProperty cannot be resolved to a type
JsonProperty cannot be resolved to a type
JsonProperty cannot be resolved to a type
JsonProperty cannot be resolved to a type
JsonProperty cannot be resolved to a type
JsonProperty cannot be resolved to a type
JsonProperty cannot be resolved to a type
JsonProperty cannot be resolved to a type
JsonProperty cannot be resolved to a type
JsonProperty cannot be resolved to a type
JsonProperty cannot be resolved to a type
JsonProperty cannot be resolved to a type
JsonProperty cannot be resolved to a type
JsonProperty cannot be resolved to a type
JsonProperty cannot be resolved to a type
JsonProperty cannot be resolved to a type
JsonProperty cannot be resolved to a type
JsonProperty cannot be resolved to a type
JsonProperty cannot be resolved to a type
JsonProperty cannot be resolved to a type
JsonAnyGetter cannot be resolved to a type
JsonAnySetter cannot be resolved to a type

at com.labcorp.model.User.<init>(User.java:6)
at com.labcorp.helpers.UserServiceHelpers.getUser(UserServiceHelpers.java:98)
at com.labcorp.rest.tests.GetUser.testGetUser(GetUser.java:21)
at java.base/jdk.internal.reflect.NativeMethodAccessorImpl.invoke0(Native Method)
at java.base/jdk.internal.reflect.NativeMethodAccessorImpl.invoke(NativeMethodAccessorImpl.java:77)
at java.base/jdk.internal.reflect.DelegatingMethodAccessorImpl.invoke(DelegatingMethodAccessorImpl.java:43)
at java.base/java.lang.reflect.Method.invoke(Method.java:568)
at org.testng.internal.invokers.MethodInvocationHelper.invokeMethod(MethodInvocationHelper.java:139)
at org.testng.internal.invokers.TestInvoker.invokeMethod(TestInvoker.java:677)
at org.testng.internal.invokers.TestInvoker.invokeTestMethod(TestInvoker.java:221)
at org.testng.internal.invokers.MethodRunner.runInSequence(MethodRunner.java:50)
at org.testng.internal.invokers.TestInvoker$MethodInvocationAgent.invoke(TestInvoker.java:962)
at org.testng.internal.invokers.TestInvoker.invokeTestMethods(TestInvoker.java:194)
at org.testng.internal.invokers.TestMethodWorker.invokeTestMethods(TestMethodWorker.java:148)
at org.testng.internal.invokers.TestMethodWorker.run(TestMethodWorker.java:128)
at java.base/java.util.ArrayList.forEach(ArrayList.java:1511)
at org.testng.TestRunner.privateRun(TestRunner.java:806)
at org.testng.TestRunner.run(TestRunner.java:601)
at org.testng.SuiteRunner.runTest(SuiteRunner.java:433)
at org.testng.SuiteRunner.runSequentially(SuiteRunner.java:427)
at org.testng.SuiteRunner.privateRun(SuiteRunner.java:387)
at org.testng.SuiteRunner.run(SuiteRunner.java:330)
at org.testng.SuiteRunnerWorker.runSuite(SuiteRunnerWorker.java:52)
at org.testng.SuiteRunnerWorker.run(SuiteRunnerWorker.java:95)
at org.testng.TestNG.runSuitesSequentially(TestNG.java:1256)
at org.testng.TestNG.runSuitesLocally(TestNG.java:1176)
at org.testng.TestNG.runSuites(TestNG.java:1099)
at org.testng.TestNG.run(TestNG.java:1067)
at org.testng.remote.AbstractRemoteTestNG.run(AbstractRemoteTestNG.java:115)
at org.testng.remote.RemoteTestNG.initAndRun(RemoteTestNG.java:251)
at org.testng.remote.RemoteTestNG.main(RemoteTestNG.java:77)
]]>
            </full-stacktrace>
          </exception> <!-- java.lang.Error -->
          <reporter-output>
          </reporter-output>
        </test-method> <!-- testGetUser -->
      </class> <!-- com.labcorp.rest.tests.GetUser -->
    </test> <!-- Default test -->
  </suite> <!-- Default suite -->
</testng-results>
